{
  message: 'Database Connected 5000',
  level: 'info',
  label: 'right meow!',
  timestamp: '2023-08-05T00:07:10.626Z'
}
{
  message: 'Database Connected 5000',
  level: 'info',
  label: 'right meow!',
  timestamp: '2023-08-05T00:09:28.539Z'
}
{
  message: 'Database Connected 5000',
  level: 'info',
  label: 'right meow!',
  timestamp: '2023-08-05T00:50:59.815Z'
}
{
  message: 'Database Connected 5000',
  level: 'info',
  label: 'right meow!',
  timestamp: '2023-08-05T00:51:06.118Z'
}
{
  message: 'Database Connected 5000',
  level: 'info',
  label: 'right meow!',
  timestamp: '2023-08-05T00:51:24.807Z'
}
{
  message: 'Database Connected 5000',
  level: 'info',
  label: 'right meow!',
  timestamp: '2023-08-05T00:52:42.744Z'
}
{
  message: 'Database Connected 5000',
  level: 'info',
  label: 'right meow!',
  timestamp: '2023-08-05T00:59:29.477Z'
}
