{
  message: 'Database Connected 5000',
  level: 'info',
  label: 'right meow!',
  timestamp: '2023-08-27T14:43:10.264Z'
}
{
  message: 'Database Connected 5000',
  level: 'info',
  label: 'right meow!',
  timestamp: '2023-08-27T14:45:08.543Z'
}
{
  message: 'Database Connected 5000',
  level: 'info',
  label: 'right meow!',
  timestamp: '2023-08-27T14:45:38.937Z'
}
{
  message: 'Database Connected 5000',
  level: 'info',
  label: 'right meow!',
  timestamp: '2023-08-27T14:45:50.017Z'
}
{
  message: 'Database Connected 5000',
  level: 'info',
  label: 'right meow!',
  timestamp: '2023-08-27T14:48:19.313Z'
}
{
  message: 'Database Connected 5000',
  level: 'info',
  label: 'right meow!',
  timestamp: '2023-08-27T14:48:29.593Z'
}
{
  message: 'Database Connected 5000',
  level: 'info',
  label: 'right meow!',
  timestamp: '2023-08-27T14:49:33.401Z'
}
{
  message: 'Database Connected 5000',
  level: 'info',
  label: 'right meow!',
  timestamp: '2023-08-27T14:51:49.950Z'
}
{
  message: 'Database Connected 5000',
  level: 'info',
  label: 'right meow!',
  timestamp: '2023-08-27T14:51:55.810Z'
}
{
  message: 'Database Connected 5000',
  level: 'info',
  label: 'right meow!',
  timestamp: '2023-08-27T14:52:08.252Z'
}
{
  message: 'Database Connected 5000',
  level: 'info',
  label: 'right meow!',
  timestamp: '2023-08-27T14:53:42.825Z'
}
{
  message: 'Database Connected 5000',
  level: 'info',
  label: 'right meow!',
  timestamp: '2023-08-27T14:54:43.226Z'
}
{
  message: 'Database Connected 5000',
  level: 'info',
  label: 'right meow!',
  timestamp: '2023-08-27T14:55:27.003Z'
}
{
  message: 'Database Connected 5000',
  level: 'info',
  label: 'right meow!',
  timestamp: '2023-08-27T14:55:50.657Z'
}
