{
  message: 'Database Connected 5000',
  level: 'info',
  label: 'right meow!',
  timestamp: '2023-08-27T16:13:04.437Z'
}
{
  message: 'Database Connected 5000',
  level: 'info',
  label: 'right meow!',
  timestamp: '2023-08-27T16:14:48.467Z'
}
{
  message: 'Database Connected 5000',
  level: 'info',
  label: 'right meow!',
  timestamp: '2023-08-27T16:14:53.857Z'
}
{
  message: 'Database Connected 5000',
  level: 'info',
  label: 'right meow!',
  timestamp: '2023-08-27T16:15:10.128Z'
}
{
  message: 'Database Connected 5000',
  level: 'info',
  label: 'right meow!',
  timestamp: '2023-08-27T16:15:45.276Z'
}
{
  message: 'Database Connected 5000',
  level: 'info',
  label: 'right meow!',
  timestamp: '2023-08-27T16:16:41.256Z'
}
{
  message: 'Database Connected 5000',
  level: 'info',
  label: 'right meow!',
  timestamp: '2023-08-27T16:18:19.280Z'
}
{
  message: 'Database Connected 5000',
  level: 'info',
  label: 'right meow!',
  timestamp: '2023-08-27T16:22:06.652Z'
}
{
  message: 'Database Connected 5000',
  level: 'info',
  label: 'right meow!',
  timestamp: '2023-08-27T16:22:17.608Z'
}
{
  message: 'Database Connected 5000',
  level: 'info',
  label: 'right meow!',
  timestamp: '2023-08-27T16:22:42.419Z'
}
{
  message: 'Database Connected 5000',
  level: 'info',
  label: 'right meow!',
  timestamp: '2023-08-27T16:24:09.720Z'
}
{
  message: 'Database Connected 5000',
  level: 'info',
  label: 'right meow!',
  timestamp: '2023-08-27T16:24:18.326Z'
}
{
  message: 'Database Connected 5000',
  level: 'info',
  label: 'right meow!',
  timestamp: '2023-08-27T16:24:30.929Z'
}
{
  message: 'Database Connected 5000',
  level: 'info',
  label: 'right meow!',
  timestamp: '2023-08-27T16:25:03.474Z'
}
{
  message: 'Database Connected 5000',
  level: 'info',
  label: 'right meow!',
  timestamp: '2023-08-27T16:25:23.139Z'
}
{
  message: 'Database Connected 5000',
  level: 'info',
  label: 'right meow!',
  timestamp: '2023-08-27T16:25:28.597Z'
}
{
  message: 'Database Connected 5000',
  level: 'info',
  label: 'right meow!',
  timestamp: '2023-08-27T16:25:37.196Z'
}
{
  message: 'Database Connected 5000',
  level: 'info',
  label: 'right meow!',
  timestamp: '2023-08-27T16:25:47.570Z'
}
{
  message: 'Database Connected 5000',
  level: 'info',
  label: 'right meow!',
  timestamp: '2023-08-27T16:27:01.948Z'
}
{
  message: 'Database Connected 5000',
  level: 'info',
  label: 'right meow!',
  timestamp: '2023-08-27T16:27:26.085Z'
}
{
  message: 'Database Connected 5000',
  level: 'info',
  label: 'right meow!',
  timestamp: '2023-08-27T16:27:45.795Z'
}
{
  message: 'Database Connected 5000',
  level: 'info',
  label: 'right meow!',
  timestamp: '2023-08-27T16:27:59.756Z'
}
