{
  message: 'Database Connected 5000',
  level: 'info',
  label: 'right meow!',
  timestamp: '2023-09-03T14:03:34.541Z'
}
{
  message: 'Database Connected 5000',
  level: 'info',
  label: 'right meow!',
  timestamp: '2023-09-03T14:05:30.378Z'
}
{
  message: 'Database Connected 5000',
  level: 'info',
  label: 'right meow!',
  timestamp: '2023-09-03T14:05:59.300Z'
}
{
  message: 'Database Connected 5000',
  level: 'info',
  label: 'right meow!',
  timestamp: '2023-09-03T14:09:41.299Z'
}
{
  message: 'Database Connected 5000',
  level: 'info',
  label: 'right meow!',
  timestamp: '2023-09-03T14:13:47.565Z'
}
{
  message: 'Database Connected 5000',
  level: 'info',
  label: 'right meow!',
  timestamp: '2023-09-03T14:37:05.770Z'
}
{
  message: 'Database Connected 5000',
  level: 'info',
  label: 'right meow!',
  timestamp: '2023-09-03T14:38:05.036Z'
}
{
  message: 'Database Connected 5000',
  level: 'info',
  label: 'right meow!',
  timestamp: '2023-09-03T14:38:28.935Z'
}
{
  message: 'Database Connected 5000',
  level: 'info',
  label: 'right meow!',
  timestamp: '2023-09-03T14:38:35.786Z'
}
{
  message: 'Database Connected 5000',
  level: 'info',
  label: 'right meow!',
  timestamp: '2023-09-03T14:38:43.185Z'
}
{
  message: 'Database Connected 5000',
  level: 'info',
  label: 'right meow!',
  timestamp: '2023-09-03T14:39:45.896Z'
}
{
  message: 'Database Connected 5000',
  level: 'info',
  label: 'right meow!',
  timestamp: '2023-09-03T14:42:47.644Z'
}
{
  message: 'Database Connected 5000',
  level: 'info',
  label: 'right meow!',
  timestamp: '2023-09-03T14:43:36.151Z'
}
{
  message: 'Database Connected 5000',
  level: 'info',
  label: 'right meow!',
  timestamp: '2023-09-03T14:44:25.090Z'
}
{
  message: 'Database Connected 5000',
  level: 'info',
  label: 'right meow!',
  timestamp: '2023-09-03T14:44:55.522Z'
}
{
  message: 'Database Connected 5000',
  level: 'info',
  label: 'right meow!',
  timestamp: '2023-09-03T14:45:04.377Z'
}
{
  message: 'Database Connected 5000',
  level: 'info',
  label: 'right meow!',
  timestamp: '2023-09-03T14:45:15.513Z'
}
{
  message: 'Database Connected 5000',
  level: 'info',
  label: 'right meow!',
  timestamp: '2023-09-03T14:51:43.635Z'
}
{
  message: 'Database Connected 5000',
  level: 'info',
  label: 'right meow!',
  timestamp: '2023-09-03T14:54:28.629Z'
}
{
  message: 'Database Connected 5000',
  level: 'info',
  label: 'right meow!',
  timestamp: '2023-09-03T14:57:12.801Z'
}
{
  message: 'Database Connected 5000',
  level: 'info',
  label: 'right meow!',
  timestamp: '2023-09-03T14:58:32.694Z'
}
{
  message: 'Database Connected 5000',
  level: 'info',
  label: 'right meow!',
  timestamp: '2023-09-03T14:58:54.249Z'
}
