{
  message: 'Database Connected 5000',
  level: 'info',
  label: 'right meow!',
  timestamp: '2023-08-25T09:33:41.797Z'
}
{
  message: 'Database Connected 5000',
  level: 'info',
  label: 'right meow!',
  timestamp: '2023-08-25T09:35:47.555Z'
}
{
  message: 'Database Connected 5000',
  level: 'info',
  label: 'right meow!',
  timestamp: '2023-08-25T09:36:00.789Z'
}
{
  message: 'Database Connected 5000',
  level: 'info',
  label: 'right meow!',
  timestamp: '2023-08-25T09:36:10.779Z'
}
{
  message: 'Database Connected 5000',
  level: 'info',
  label: 'right meow!',
  timestamp: '2023-08-25T09:36:15.983Z'
}
{
  message: 'Database Connected 5000',
  level: 'info',
  label: 'right meow!',
  timestamp: '2023-08-25T09:39:11.039Z'
}
{
  message: 'Database Connected 5000',
  level: 'info',
  label: 'right meow!',
  timestamp: '2023-08-25T09:39:17.651Z'
}
{
  message: 'Database Connected 5000',
  level: 'info',
  label: 'right meow!',
  timestamp: '2023-08-25T09:40:23.607Z'
}
{
  message: 'Database Connected 5000',
  level: 'info',
  label: 'right meow!',
  timestamp: '2023-08-25T09:40:41.217Z'
}
{
  message: 'Database Connected 5000',
  level: 'info',
  label: 'right meow!',
  timestamp: '2023-08-25T09:41:54.862Z'
}
{
  message: 'Database Connected 5000',
  level: 'info',
  label: 'right meow!',
  timestamp: '2023-08-25T09:42:15.267Z'
}
{
  message: 'Database Connected 5000',
  level: 'info',
  label: 'right meow!',
  timestamp: '2023-08-25T09:42:22.637Z'
}
{
  message: 'Database Connected 5000',
  level: 'info',
  label: 'right meow!',
  timestamp: '2023-08-25T09:42:35.483Z'
}
{
  message: 'Database Connected 5000',
  level: 'info',
  label: 'right meow!',
  timestamp: '2023-08-25T09:43:19.281Z'
}
{
  message: 'Database Connected 5000',
  level: 'info',
  label: 'right meow!',
  timestamp: '2023-08-25T09:43:33.361Z'
}
{
  message: 'Database Connected 5000',
  level: 'info',
  label: 'right meow!',
  timestamp: '2023-08-25T09:45:10.660Z'
}
{
  message: 'Database Connected 5000',
  level: 'info',
  label: 'right meow!',
  timestamp: '2023-08-25T09:47:50.610Z'
}
{
  message: 'Database Connected 5000',
  level: 'info',
  label: 'right meow!',
  timestamp: '2023-08-25T09:48:53.578Z'
}
{
  message: 'Database Connected 5000',
  level: 'info',
  label: 'right meow!',
  timestamp: '2023-08-25T09:53:06.052Z'
}
{
  message: 'Database Connected 5000',
  level: 'info',
  label: 'right meow!',
  timestamp: '2023-08-25T09:53:59.129Z'
}
{
  message: 'Database Connected 5000',
  level: 'info',
  label: 'right meow!',
  timestamp: '2023-08-25T09:54:05.402Z'
}
{
  message: 'Database Connected 5000',
  level: 'info',
  label: 'right meow!',
  timestamp: '2023-08-25T09:54:12.303Z'
}
{
  message: 'Database Connected 5000',
  level: 'info',
  label: 'right meow!',
  timestamp: '2023-08-25T09:54:17.853Z'
}
{
  message: 'Database Connected 5000',
  level: 'info',
  label: 'right meow!',
  timestamp: '2023-08-25T09:54:42.736Z'
}
