{
  level: 'error',
  message: `global error handler Schema hasn't been registered for model "academicsemesters".\n` +
    'Use mongoose.model(name, schema)',
  stack: `MissingSchemaError: Schema hasn't been registered for model "academicsemesters".\n` +
    'Use mongoose.model(name, schema)\n' +
    '    at NativeConnection.Connection.model (E:\\Next-Level(again)\\mission-3\\university-management(11)\\node_modules\\mongoose\\lib\\connection.js:1108:13)\n' +
    '    at _getModelFromConn (E:\\Next-Level(again)\\mission-3\\university-management(11)\\node_modules\\mongoose\\lib\\helpers\\populate\\getModelsMapForPopulate.js:581:15)\n' +
    '    at addModelNamesToMap (E:\\Next-Level(again)\\mission-3\\university-management(11)\\node_modules\\mongoose\\lib\\helpers\\populate\\getModelsMapForPopulate.js:508:17)\n' +
    '    at getModelsMapForPopulate (E:\\Next-Level(again)\\mission-3\\university-management(11)\\node_modules\\mongoose\\lib\\helpers\\populate\\getModelsMapForPopulate.js:199:7)\n' +
    '    at populate (E:\\Next-Level(again)\\mission-3\\university-management(11)\\node_modules\\mongoose\\lib\\model.js:4320:21)\n' +
    '    at _populate (E:\\Next-Level(again)\\mission-3\\university-management(11)\\node_modules\\mongoose\\lib\\model.js:4280:5)\n' +
    '    at E:\\Next-Level(again)\\mission-3\\university-management(11)\\node_modules\\mongoose\\lib\\model.js:4252:5\n' +
    '    at new Promise (<anonymous>)\n' +
    '    at Function.populate (E:\\Next-Level(again)\\mission-3\\university-management(11)\\node_modules\\mongoose\\lib\\model.js:4251:10)\n' +
    '    at model.Query._find (E:\\Next-Level(again)\\mission-3\\university-management(11)\\node_modules\\mongoose\\lib\\query.js:2307:20)',
  label: 'right meow!',
  timestamp: '2023-09-03T16:25:52.335Z'
}
{
  index: 0,
  code: 11000,
  keyPattern: { email: 1 },
  keyValue: { email: 'user@gmail.com' },
  level: 'error',
  message: 'global error handler E11000 duplicate key error collection: university-management.students index: email_1 dup key: { email: "user@gmail.com" }',
  stack: 'MongoServerError: E11000 duplicate key error collection: university-management.students index: email_1 dup key: { email: "user@gmail.com" }\n' +
    '    at E:\\Next-Level(again)\\mission-3\\university-management(11)\\node_modules\\mongodb\\src\\operations\\insert.ts:85:25\n' +
    '    at E:\\Next-Level(again)\\mission-3\\university-management(11)\\node_modules\\mongodb\\src\\cmap\\connection_pool.ts:574:11\n' +
    '    at E:\\Next-Level(again)\\mission-3\\university-management(11)\\node_modules\\mongodb\\src\\sdam\\server.ts:384:13\n' +
    '    at handleOperationResult (E:\\Next-Level(again)\\mission-3\\university-management(11)\\node_modules\\mongodb\\src\\sdam\\server.ts:532:14)\n' +
    '    at Connection.onMessage (E:\\Next-Level(again)\\mission-3\\university-management(11)\\node_modules\\mongodb\\src\\cmap\\connection.ts:418:5)\n' +
    '    at MessageStream.<anonymous> (E:\\Next-Level(again)\\mission-3\\university-management(11)\\node_modules\\mongodb\\src\\cmap\\connection.ts:243:56)\n' +
    '    at MessageStream.emit (node:events:513:28)\n' +
    '    at processIncomingData (E:\\Next-Level(again)\\mission-3\\university-management(11)\\node_modules\\mongodb\\src\\cmap\\message_stream.ts:193:12)\n' +
    '    at MessageStream._write (E:\\Next-Level(again)\\mission-3\\university-management(11)\\node_modules\\mongodb\\src\\cmap\\message_stream.ts:74:5)\n' +
    '    at writeOrBuffer (node:internal/streams/writable:392:12)',
  label: 'right meow!',
  timestamp: '2023-09-03T16:27:45.199Z',
  [Symbol(errorLabels)]: Set(0) {}
}
{
  level: 'error',
  message: `global error handler Schema hasn't been registered for model "academicdepartments".\n` +
    'Use mongoose.model(name, schema)',
  stack: `MissingSchemaError: Schema hasn't been registered for model "academicdepartments".\n` +
    'Use mongoose.model(name, schema)\n' +
    '    at NativeConnection.Connection.model (E:\\Next-Level(again)\\mission-3\\university-management(11)\\node_modules\\mongoose\\lib\\connection.js:1108:13)\n' +
    '    at _getModelFromConn (E:\\Next-Level(again)\\mission-3\\university-management(11)\\node_modules\\mongoose\\lib\\helpers\\populate\\getModelsMapForPopulate.js:581:15)\n' +
    '    at addModelNamesToMap (E:\\Next-Level(again)\\mission-3\\university-management(11)\\node_modules\\mongoose\\lib\\helpers\\populate\\getModelsMapForPopulate.js:508:17)\n' +
    '    at getModelsMapForPopulate (E:\\Next-Level(again)\\mission-3\\university-management(11)\\node_modules\\mongoose\\lib\\helpers\\populate\\getModelsMapForPopulate.js:199:7)\n' +
    '    at populate (E:\\Next-Level(again)\\mission-3\\university-management(11)\\node_modules\\mongoose\\lib\\model.js:4320:21)\n' +
    '    at _populate (E:\\Next-Level(again)\\mission-3\\university-management(11)\\node_modules\\mongoose\\lib\\model.js:4280:5)\n' +
    '    at E:\\Next-Level(again)\\mission-3\\university-management(11)\\node_modules\\mongoose\\lib\\model.js:4252:5\n' +
    '    at new Promise (<anonymous>)\n' +
    '    at Function.populate (E:\\Next-Level(again)\\mission-3\\university-management(11)\\node_modules\\mongoose\\lib\\model.js:4251:10)\n' +
    '    at model.Query._find (E:\\Next-Level(again)\\mission-3\\university-management(11)\\node_modules\\mongoose\\lib\\query.js:2307:20)',
  label: 'right meow!',
  timestamp: '2023-09-03T16:28:07.273Z'
}
