{
  expose: true,
  statusCode: 400,
  status: 400,
  body: '{\r\n   "user":{\r\n   "role":"student",\r\n  \r\n   }\r\n}',
  type: 'entity.parse.failed',
  level: 'error',
  message: 'global error handler Unexpected token } in JSON at position 45',
  stack: 'SyntaxError: Unexpected token } in JSON at position 45\n' +
    '    at JSON.parse (<anonymous>)\n' +
    '    at parse (E:\\Next-Level(again)\\mission-3\\university-management(11)\\node_modules\\body-parser\\lib\\types\\json.js:89:19)\n' +
    '    at E:\\Next-Level(again)\\mission-3\\university-management(11)\\node_modules\\body-parser\\lib\\read.js:128:18\n' +
    '    at AsyncResource.runInAsyncScope (node:async_hooks:203:9)\n' +
    '    at invokeCallback (E:\\Next-Level(again)\\mission-3\\university-management(11)\\node_modules\\raw-body\\index.js:231:16)\n' +
    '    at done (E:\\Next-Level(again)\\mission-3\\university-management(11)\\node_modules\\raw-body\\index.js:220:7)\n' +
    '    at IncomingMessage.onEnd (E:\\Next-Level(again)\\mission-3\\university-management(11)\\node_modules\\raw-body\\index.js:280:7)\n' +
    '    at IncomingMessage.emit (node:events:513:28)\n' +
    '    at endReadableNT (node:internal/streams/readable:1359:12)\n' +
    '    at processTicksAndRejections (node:internal/process/task_queues:82:21)',
  label: 'right meow!',
  timestamp: '2023-08-07T13:53:31.319Z'
}
