{
  ok: 0,
  code: 2,
  codeName: 'BadValue',
  '$clusterTime': {
    clusterTime: new Timestamp({ t: 1693007189, i: 4 }),
    signature: {
      hash: Binary.createFromBase64("x50OipdgVHzkQFIc7RGQGrATw14=", 0),
      keyId: new Long("7229333744841129986")
    }
  },
  operationTime: new Timestamp({ t: 1693007189, i: 4 }),
  level: 'error',
  message: 'global error handler $and/$or/$nor must be a nonempty array',
  stack: 'MongoServerError: $and/$or/$nor must be a nonempty array\n' +
    '    at Connection.onMessage (E:\\Next-Level(again)\\mission-3\\university-management(11)\\node_modules\\mongodb\\src\\cmap\\connection.ts:413:18)\n' +
    '    at MessageStream.<anonymous> (E:\\Next-Level(again)\\mission-3\\university-management(11)\\node_modules\\mongodb\\src\\cmap\\connection.ts:243:56)\n' +
    '    at MessageStream.emit (node:events:513:28)\n' +
    '    at processIncomingData (E:\\Next-Level(again)\\mission-3\\university-management(11)\\node_modules\\mongodb\\src\\cmap\\message_stream.ts:193:12)\n' +
    '    at MessageStream._write (E:\\Next-Level(again)\\mission-3\\university-management(11)\\node_modules\\mongodb\\src\\cmap\\message_stream.ts:74:5)\n' +
    '    at writeOrBuffer (node:internal/streams/writable:392:12)\n' +
    '    at _write (node:internal/streams/writable:333:10)\n' +
    '    at MessageStream.Writable.write (node:internal/streams/writable:337:10)\n' +
    '    at TLSSocket.ondata (node:internal/streams/readable:766:22)\n' +
    '    at TLSSocket.emit (node:events:513:28)',
  label: 'right meow!',
  timestamp: '2023-08-25T23:46:27.632Z',
  [Symbol(errorLabels)]: Set(0) {}
}
