{
  statusCode: 409,
  level: 'error',
  label: 'right meow!',
  timestamp: '2023-08-21T14:05:38.658Z'
}
{
  statusCode: 409,
  level: 'error',
  message: 'global error handler Academic Semester is already exist',
  stack: 'Error: Academic Semester is already exist\n' +
    '    at model.<anonymous> (E:\\Next-Level(again)\\mission-3\\university-management(11)\\src\\app\\modules\\academicSemester.ts\\academicSemester.model.ts:33:11)\n' +
    '    at Generator.next (<anonymous>)\n' +
    '    at fulfilled (E:\\Next-Level(again)\\mission-3\\university-management(11)\\src\\app\\modules\\academicSemester.ts\\academicSemester.model.ts:5:58)\n' +
    '    at processTicksAndRejections (node:internal/process/task_queues:95:5)',
  label: 'right meow!',
  timestamp: '2023-08-21T14:11:44.156Z'
}
{
  statusCode: 409,
  level: 'error',
  label: 'right meow!',
  timestamp: '2023-08-21T14:27:30.270Z'
}
