{
  stringValue: `"{ id: '64ed39b00db024ca216dbe31' }"`,
  messageFormat: undefined,
  kind: 'ObjectId',
  value: { id: '64ed39b00db024ca216dbe31' },
  path: '_id',
  reason: BSONError: Argument passed in must be a string of 12 bytes or a string of 24 hex characters or an integer
      at new ObjectId (E:\Next-Level(again)\mission-3\university-management(11)\node_modules\bson\src\objectid.ts:88:15)
      at castObjectId (E:\Next-Level(again)\mission-3\university-management(11)\node_modules\mongoose\lib\cast\objectid.js:25:12)
      at ObjectId.cast (E:\Next-Level(again)\mission-3\university-management(11)\node_modules\mongoose\lib\schema\objectid.js:248:12)
      at ObjectId.SchemaType.applySetters (E:\Next-Level(again)\mission-3\university-management(11)\node_modules\mongoose\lib\schematype.js:1220:12)
      at ObjectId.SchemaType.castForQuery (E:\Next-Level(again)\mission-3\university-management(11)\node_modules\mongoose\lib\schematype.js:1632:15)
      at cast (E:\Next-Level(again)\mission-3\university-management(11)\node_modules\mongoose\lib\cast.js:298:34)
      at model.Query.Query.cast (E:\Next-Level(again)\mission-3\university-management(11)\node_modules\mongoose\lib\query.js:4900:12)
      at model.Query.Query._castConditions (E:\Next-Level(again)\mission-3\university-management(11)\node_modules\mongoose\lib\query.js:2223:10)
      at model.Query._findOne (E:\Next-Level(again)\mission-3\university-management(11)\node_modules\mongoose\lib\query.js:2510:8)
      at model.Query.exec (E:\Next-Level(again)\mission-3\university-management(11)\node_modules\mongoose\lib\query.js:4419:28),
  valueType: 'Object',
  model: Model { academicFaculty },
  level: 'error',
  message: `global error handler Cast to ObjectId failed for value "{ id: '64ed39b00db024ca216dbe31' }" (type Object) at path "_id" for model "academicFaculty"`,
  stack: `CastError: Cast to ObjectId failed for value "{ id: '64ed39b00db024ca216dbe31' }" (type Object) at path "_id" for model "academicFaculty"\n` +
    '    at ObjectId.cast (E:\\Next-Level(again)\\mission-3\\university-management(11)\\node_modules\\mongoose\\lib\\schema\\objectid.js:250:11)\n' +
    '    at ObjectId.SchemaType.applySetters (E:\\Next-Level(again)\\mission-3\\university-management(11)\\node_modules\\mongoose\\lib\\schematype.js:1220:12)\n' +
    '    at ObjectId.SchemaType.castForQuery (E:\\Next-Level(again)\\mission-3\\university-management(11)\\node_modules\\mongoose\\lib\\schematype.js:1632:15)\n' +
    '    at cast (E:\\Next-Level(again)\\mission-3\\university-management(11)\\node_modules\\mongoose\\lib\\cast.js:298:34)\n' +
    '    at model.Query.Query.cast (E:\\Next-Level(again)\\mission-3\\university-management(11)\\node_modules\\mongoose\\lib\\query.js:4900:12)\n' +
    '    at model.Query.Query._castConditions (E:\\Next-Level(again)\\mission-3\\university-management(11)\\node_modules\\mongoose\\lib\\query.js:2223:10)\n' +
    '    at model.Query._findOne (E:\\Next-Level(again)\\mission-3\\university-management(11)\\node_modules\\mongoose\\lib\\query.js:2510:8)\n' +
    '    at model.Query.exec (E:\\Next-Level(again)\\mission-3\\university-management(11)\\node_modules\\mongoose\\lib\\query.js:4419:28)\n' +
    '    at processTicksAndRejections (node:internal/process/task_queues:95:5)',
  label: 'right meow!',
  timestamp: '2023-08-31T13:36:20.805Z'
}
{
  stringValue: `"{ id: '64ed39b00db024ca216dbe31' }"`,
  messageFormat: undefined,
  kind: 'ObjectId',
  value: { id: '64ed39b00db024ca216dbe31' },
  path: '_id',
  reason: BSONError: Argument passed in must be a string of 12 bytes or a string of 24 hex characters or an integer
      at new ObjectId (E:\Next-Level(again)\mission-3\university-management(11)\node_modules\bson\src\objectid.ts:88:15)
      at castObjectId (E:\Next-Level(again)\mission-3\university-management(11)\node_modules\mongoose\lib\cast\objectid.js:25:12)
      at ObjectId.cast (E:\Next-Level(again)\mission-3\university-management(11)\node_modules\mongoose\lib\schema\objectid.js:248:12)
      at ObjectId.SchemaType.applySetters (E:\Next-Level(again)\mission-3\university-management(11)\node_modules\mongoose\lib\schematype.js:1220:12)
      at ObjectId.SchemaType.castForQuery (E:\Next-Level(again)\mission-3\university-management(11)\node_modules\mongoose\lib\schematype.js:1632:15)
      at cast (E:\Next-Level(again)\mission-3\university-management(11)\node_modules\mongoose\lib\cast.js:298:34)
      at model.Query.Query.cast (E:\Next-Level(again)\mission-3\university-management(11)\node_modules\mongoose\lib\query.js:4900:12)
      at model.Query.Query._castConditions (E:\Next-Level(again)\mission-3\university-management(11)\node_modules\mongoose\lib\query.js:2223:10)
      at model.Query._findOne (E:\Next-Level(again)\mission-3\university-management(11)\node_modules\mongoose\lib\query.js:2510:8)
      at model.Query.exec (E:\Next-Level(again)\mission-3\university-management(11)\node_modules\mongoose\lib\query.js:4419:28),
  valueType: 'Object',
  model: Model { academicFaculty },
  level: 'error',
  message: `global error handler Cast to ObjectId failed for value "{ id: '64ed39b00db024ca216dbe31' }" (type Object) at path "_id" for model "academicFaculty"`,
  stack: `CastError: Cast to ObjectId failed for value "{ id: '64ed39b00db024ca216dbe31' }" (type Object) at path "_id" for model "academicFaculty"\n` +
    '    at ObjectId.cast (E:\\Next-Level(again)\\mission-3\\university-management(11)\\node_modules\\mongoose\\lib\\schema\\objectid.js:250:11)\n' +
    '    at ObjectId.SchemaType.applySetters (E:\\Next-Level(again)\\mission-3\\university-management(11)\\node_modules\\mongoose\\lib\\schematype.js:1220:12)\n' +
    '    at ObjectId.SchemaType.castForQuery (E:\\Next-Level(again)\\mission-3\\university-management(11)\\node_modules\\mongoose\\lib\\schematype.js:1632:15)\n' +
    '    at cast (E:\\Next-Level(again)\\mission-3\\university-management(11)\\node_modules\\mongoose\\lib\\cast.js:298:34)\n' +
    '    at model.Query.Query.cast (E:\\Next-Level(again)\\mission-3\\university-management(11)\\node_modules\\mongoose\\lib\\query.js:4900:12)\n' +
    '    at model.Query.Query._castConditions (E:\\Next-Level(again)\\mission-3\\university-management(11)\\node_modules\\mongoose\\lib\\query.js:2223:10)\n' +
    '    at model.Query._findOne (E:\\Next-Level(again)\\mission-3\\university-management(11)\\node_modules\\mongoose\\lib\\query.js:2510:8)\n' +
    '    at model.Query.exec (E:\\Next-Level(again)\\mission-3\\university-management(11)\\node_modules\\mongoose\\lib\\query.js:4419:28)\n' +
    '    at processTicksAndRejections (node:internal/process/task_queues:95:5)',
  label: 'right meow!',
  timestamp: '2023-08-31T13:36:21.674Z'
}
