{
  index: 0,
  code: 11000,
  keyPattern: { email: 1 },
  keyValue: { email: 'user@gmail.com' },
  level: 'error',
  message: 'global error handler E11000 duplicate key error collection: university-management.students index: email_1 dup key: { email: "user@gmail.com" }',
  stack: 'MongoServerError: E11000 duplicate key error collection: university-management.students index: email_1 dup key: { email: "user@gmail.com" }\n' +
    '    at E:\\Next-Level(again)\\mission-3\\university-management(11)\\node_modules\\mongodb\\src\\operations\\insert.ts:85:25\n' +
    '    at E:\\Next-Level(again)\\mission-3\\university-management(11)\\node_modules\\mongodb\\src\\cmap\\connection_pool.ts:574:11\n' +
    '    at E:\\Next-Level(again)\\mission-3\\university-management(11)\\node_modules\\mongodb\\src\\sdam\\server.ts:384:13\n' +
    '    at handleOperationResult (E:\\Next-Level(again)\\mission-3\\university-management(11)\\node_modules\\mongodb\\src\\sdam\\server.ts:532:14)\n' +
    '    at Connection.onMessage (E:\\Next-Level(again)\\mission-3\\university-management(11)\\node_modules\\mongodb\\src\\cmap\\connection.ts:418:5)\n' +
    '    at MessageStream.<anonymous> (E:\\Next-Level(again)\\mission-3\\university-management(11)\\node_modules\\mongodb\\src\\cmap\\connection.ts:243:56)\n' +
    '    at MessageStream.emit (node:events:513:28)\n' +
    '    at processIncomingData (E:\\Next-Level(again)\\mission-3\\university-management(11)\\node_modules\\mongodb\\src\\cmap\\message_stream.ts:193:12)\n' +
    '    at MessageStream._write (E:\\Next-Level(again)\\mission-3\\university-management(11)\\node_modules\\mongodb\\src\\cmap\\message_stream.ts:74:5)\n' +
    '    at writeOrBuffer (node:internal/streams/writable:392:12)',
  label: 'right meow!',
  timestamp: '2023-09-16T14:17:55.495Z',
  [Symbol(errorLabels)]: Set(0) {}
}
