{
  path: 'student.academicsemesters',
  level: 'error',
  message: 'global error handler Cannot populate path `student.academicsemesters` because it is not in your schema. Set the `strictPopulate` option to false to override.',
  stack: 'StrictPopulateError: Cannot populate path `student.academicsemesters` because it is not in your schema. Set the `strictPopulate` option to false to override.\n' +
    '    at getModelsMapForPopulate (E:\\Next-Level(again)\\mission-3\\university-management(11)\\node_modules\\mongoose\\lib\\helpers\\populate\\getModelsMapForPopulate.js:49:12)\n' +
    '    at populate (E:\\Next-Level(again)\\mission-3\\university-management(11)\\node_modules\\mongoose\\lib\\model.js:4320:21)\n' +
    '    at _populate (E:\\Next-Level(again)\\mission-3\\university-management(11)\\node_modules\\mongoose\\lib\\model.js:4280:5)\n' +
    '    at E:\\Next-Level(again)\\mission-3\\university-management(11)\\node_modules\\mongoose\\lib\\model.js:4252:5\n' +
    '    at new Promise (<anonymous>)\n' +
    '    at Function.populate (E:\\Next-Level(again)\\mission-3\\university-management(11)\\node_modules\\mongoose\\lib\\model.js:4251:10)\n' +
    '    at model.Query._find (E:\\Next-Level(again)\\mission-3\\university-management(11)\\node_modules\\mongoose\\lib\\query.js:2307:20)\n' +
    '    at processTicksAndRejections (node:internal/process/task_queues:95:5)\n' +
    '    at model.Query.exec (E:\\Next-Level(again)\\mission-3\\university-management(11)\\node_modules\\mongoose\\lib\\query.js:4419:11)',
  label: 'right meow!',
  timestamp: '2023-09-03T15:00:55.723Z'
}
{
  level: 'error',
  message: `global error handler Schema hasn't been registered for model "Student".\n` +
    'Use mongoose.model(name, schema)',
  stack: `MissingSchemaError: Schema hasn't been registered for model "Student".\n` +
    'Use mongoose.model(name, schema)\n' +
    '    at NativeConnection.Connection.model (E:\\Next-Level(again)\\mission-3\\university-management(11)\\node_modules\\mongoose\\lib\\connection.js:1108:13)\n' +
    '    at _getModelFromConn (E:\\Next-Level(again)\\mission-3\\university-management(11)\\node_modules\\mongoose\\lib\\helpers\\populate\\getModelsMapForPopulate.js:581:15)\n' +
    '    at addModelNamesToMap (E:\\Next-Level(again)\\mission-3\\university-management(11)\\node_modules\\mongoose\\lib\\helpers\\populate\\getModelsMapForPopulate.js:508:17)\n' +
    '    at getModelsMapForPopulate (E:\\Next-Level(again)\\mission-3\\university-management(11)\\node_modules\\mongoose\\lib\\helpers\\populate\\getModelsMapForPopulate.js:199:7)\n' +
    '    at populate (E:\\Next-Level(again)\\mission-3\\university-management(11)\\node_modules\\mongoose\\lib\\model.js:4320:21)\n' +
    '    at _populate (E:\\Next-Level(again)\\mission-3\\university-management(11)\\node_modules\\mongoose\\lib\\model.js:4280:5)\n' +
    '    at E:\\Next-Level(again)\\mission-3\\university-management(11)\\node_modules\\mongoose\\lib\\model.js:4252:5\n' +
    '    at new Promise (<anonymous>)\n' +
    '    at Function.populate (E:\\Next-Level(again)\\mission-3\\university-management(11)\\node_modules\\mongoose\\lib\\model.js:4251:10)\n' +
    '    at E:\\Next-Level(again)\\mission-3\\university-management(11)\\node_modules\\mongoose\\lib\\query.js:2498:11',
  label: 'right meow!',
  timestamp: '2023-09-03T15:06:12.116Z'
}
{
  path: 'student.academicsemesters',
  level: 'error',
  message: 'global error handler Cannot populate path `student.academicsemesters` because it is not in your schema. Set the `strictPopulate` option to false to override.',
  stack: 'StrictPopulateError: Cannot populate path `student.academicsemesters` because it is not in your schema. Set the `strictPopulate` option to false to override.\n' +
    '    at getModelsMapForPopulate (E:\\Next-Level(again)\\mission-3\\university-management(11)\\node_modules\\mongoose\\lib\\helpers\\populate\\getModelsMapForPopulate.js:49:12)\n' +
    '    at populate (E:\\Next-Level(again)\\mission-3\\university-management(11)\\node_modules\\mongoose\\lib\\model.js:4320:21)\n' +
    '    at _populate (E:\\Next-Level(again)\\mission-3\\university-management(11)\\node_modules\\mongoose\\lib\\model.js:4280:5)\n' +
    '    at E:\\Next-Level(again)\\mission-3\\university-management(11)\\node_modules\\mongoose\\lib\\model.js:4252:5\n' +
    '    at new Promise (<anonymous>)\n' +
    '    at Function.populate (E:\\Next-Level(again)\\mission-3\\university-management(11)\\node_modules\\mongoose\\lib\\model.js:4251:10)\n' +
    '    at model.Query._find (E:\\Next-Level(again)\\mission-3\\university-management(11)\\node_modules\\mongoose\\lib\\query.js:2307:20)\n' +
    '    at processTicksAndRejections (node:internal/process/task_queues:95:5)\n' +
    '    at model.Query.exec (E:\\Next-Level(again)\\mission-3\\university-management(11)\\node_modules\\mongoose\\lib\\query.js:4419:11)',
  label: 'right meow!',
  timestamp: '2023-09-03T15:07:42.614Z'
}
