{
  errors: {
    title: ValidatorError: Path `title` is required.
        at validate (E:\Next-Level(again)\mission-3\university-management(11)\node_modules\mongoose\lib\schematype.js:1365:13)
        at SchemaString.SchemaType.doValidate (E:\Next-Level(again)\mission-3\university-management(11)\node_modules\mongoose\lib\schematype.js:1349:7)
        at E:\Next-Level(again)\mission-3\university-management(11)\node_modules\mongoose\lib\document.js:2938:18
        at processTicksAndRejections (node:internal/process/task_queues:77:11) {
      properties: {
        validator: [Function (anonymous)],
        message: 'Path `title` is required.',
        type: 'required',
        path: 'title',
        value: undefined
      },
      kind: 'required',
      path: 'title',
      value: undefined,
      reason: undefined,
      [Symbol(mongoose:validatorError)]: true
    }
  },
  _message: 'academicFaculty validation failed',
  level: 'error',
  message: 'global error handler academicFaculty validation failed: title: Path `title` is required.',
  stack: 'ValidationError: academicFaculty validation failed: title: Path `title` is required.\n' +
    '    at model.Document.invalidate (E:\\Next-Level(again)\\mission-3\\university-management(11)\\node_modules\\mongoose\\lib\\document.js:3153:32)\n' +
    '    at E:\\Next-Level(again)\\mission-3\\university-management(11)\\node_modules\\mongoose\\lib\\document.js:2946:17\n' +
    '    at E:\\Next-Level(again)\\mission-3\\university-management(11)\\node_modules\\mongoose\\lib\\schematype.js:1368:9\n' +
    '    at processTicksAndRejections (node:internal/process/task_queues:77:11)',
  label: 'right meow!',
  timestamp: '2023-08-28T15:42:46.426Z'
}
